Arguments: 
  /usr/bin/node /usr/share/yarn/bin/yarn.js add bootstrap jQuery Popper.js roboto-fontface

PATH: 
  /home/victor-moreno/.rbenv/shims:/home/victor-moreno/.rbenv/bin:/home/victor-moreno/.rbenv/shims:/home/victor-moreno/.rbenv/bin:/usr/local/sbin:/usr/local/bin:/usr/sbin:/usr/bin:/sbin:/bin:/usr/games:/usr/local/games:/usr/lib/wsl/lib:/mnt/c/Program Files/Java/jdk-16.0.1:/mnt/c/Program Files/Common Files/Oracle/Java/javapath:/mnt/c/Program Files/AdoptOpenJDK/jdk-8.0.282.8-hotspot/bin:/mnt/c/Program Files/AdoptOpenJDK/jdk-11.0.10.9-hotspot/bin:/mnt/c/Windows/system32:/mnt/c/Windows:/mnt/c/Windows/System32/Wbem:/mnt/c/Windows/System32/WindowsPowerShell/v1.0/:/mnt/c/Windows/System32/OpenSSH/:/mnt/c/Program Files/Git/cmd:/mnt/c/PROGRA~2/PICC:/mnt/c/Program Files/dotnet/:/mnt/c/Program Files/Microsoft SQL Server/130/Tools/Binn/:/mnt/c/Program Files/Microsoft SQL Server/Client SDK/ODBC/170/Tools/Binn/:/mnt/c/Program Files/Microsoft SQL Server/150/Tools/Binn/:/mnt/c/Program Files (x86)/Microsoft SQL Server/150/Tools/Binn/:/mnt/c/Program Files/Microsoft SQL Server/150/DTS/Binn/:/mnt/c/Program Files (x86)/Microsoft SQL Server/150/DTS/Binn/:/mnt/c/WINDOWS/system32:/mnt/c/WINDOWS:/mnt/c/WINDOWS/System32/Wbem:/mnt/c/WINDOWS/System32/WindowsPowerShell/v1.0/:/mnt/c/WINDOWS/System32/OpenSSH/:/mnt/c/Program Files/nodejs/:/mnt/c/Users/USUARIO/AppData/Local/Microsoft/WindowsApps:/mnt/c/Users/USUARIO/AppData/Local/Programs/Microsoft VS Code/bin:/mnt/c/Users/USUARIO/AppData/Local/Google/Cloud SDK/google-cloud-sdk/bin:/mnt/c/Users/USUARIO/.dotnet/tools:/mnt/c/Program Files/Azure Data Studio/bin:/mnt/c/Users/USUARIO/AppData/Roaming/npm:/snap/bin

Yarn version: 
  1.22.19

Node version: 
  18.19.1

Platform: 
  linux x64

Trace: 
  Error: https://registry.yarnpkg.com/Popper.js: Not found
      at params.callback [as _callback] (/usr/share/yarn/lib/cli.js:66145:18)
      at self.callback (/usr/share/yarn/lib/cli.js:140890:22)
      at Request.emit (node:events:517:28)
      at Request.<anonymous> (/usr/share/yarn/lib/cli.js:141862:10)
      at Request.emit (node:events:517:28)
      at IncomingMessage.<anonymous> (/usr/share/yarn/lib/cli.js:141784:12)
      at Object.onceWrapper (node:events:631:28)
      at IncomingMessage.emit (node:events:529:35)
      at endReadableNT (node:internal/streams/readable:1400:12)
      at process.processTicksAndRejections (node:internal/process/task_queues:82:21)

npm manifest: 
  No manifest

yarn manifest: 
  No manifest

Lockfile: 
  No lockfile
